2023-02-09T11:08:12,000 INFO  org.hibernate.validator.internal.util.Version - HV000001: Hibernate Validator 6.2.5.Final
2023-02-09T11:08:12,036 INFO  com.ms.email.MsEmailApplication - Starting MsEmailApplication using Java 17.0.6 on INNOWAVE-637 with PID 15816 (C:\Users\jorge.eduardo\Documents\Java Workspace\email\target\classes started by jorge.eduardo in C:\Users\jorge.eduardo\Documents\Java Workspace\email)
2023-02-09T11:08:12,040 DEBUG com.ms.email.MsEmailApplication - Running with Spring Boot v2.7.8, Spring v5.3.25
2023-02-09T11:08:12,041 INFO  com.ms.email.MsEmailApplication - No active profile set, falling back to 1 default profile: "default"
2023-02-09T11:08:12,882 INFO  org.springframework.data.repository.config.RepositoryConfigurationDelegate - Bootstrapping Spring Data JPA repositories in DEFAULT mode.
2023-02-09T11:08:12,952 INFO  org.springframework.data.repository.config.RepositoryConfigurationDelegate - Finished Spring Data repository scanning in 56 ms. Found 1 JPA repository interfaces.
2023-02-09T11:08:13,624 INFO  org.springframework.boot.web.embedded.tomcat.TomcatWebServer - Tomcat initialized with port(s): 8080 (http)
2023-02-09T11:08:13,647 INFO  org.apache.coyote.http11.Http11NioProtocol - Initializing ProtocolHandler ["http-nio-8080"]
2023-02-09T11:08:13,648 INFO  org.apache.catalina.core.StandardService - Starting service [Tomcat]
2023-02-09T11:08:13,648 INFO  org.apache.catalina.core.StandardEngine - Starting Servlet engine: [Apache Tomcat/9.0.71]
2023-02-09T11:08:13,791 INFO  org.apache.catalina.core.ContainerBase.[Tomcat].[localhost].[/] - Initializing Spring embedded WebApplicationContext
2023-02-09T11:08:13,792 INFO  org.springframework.boot.web.servlet.context.ServletWebServerApplicationContext - Root WebApplicationContext: initialization completed in 1696 ms
2023-02-09T11:08:14,005 INFO  org.hibernate.jpa.internal.util.LogHelper - HHH000204: Processing PersistenceUnitInfo [name: default]
2023-02-09T11:08:14,081 INFO  org.hibernate.Version - HHH000412: Hibernate ORM core version 5.6.14.Final
2023-02-09T11:08:14,307 INFO  org.hibernate.annotations.common.Version - HCANN000001: Hibernate Commons Annotations {5.1.2.Final}
2023-02-09T11:08:14,427 INFO  com.zaxxer.hikari.HikariDataSource - HikariPool-1 - Starting...
2023-02-09T11:08:14,874 INFO  com.zaxxer.hikari.HikariDataSource - HikariPool-1 - Start completed.
2023-02-09T11:08:14,902 INFO  org.hibernate.dialect.Dialect - HHH000400: Using dialect: org.hibernate.dialect.MySQL8Dialect
2023-02-09T11:08:15,651 INFO  org.hibernate.engine.transaction.jta.platform.internal.JtaPlatformInitiator - HHH000490: Using JtaPlatform implementation: [org.hibernate.engine.transaction.jta.platform.internal.NoJtaPlatform]
2023-02-09T11:08:15,659 INFO  org.springframework.orm.jpa.LocalContainerEntityManagerFactoryBean - Initialized JPA EntityManagerFactory for persistence unit 'default'
2023-02-09T11:08:16,097 WARN  org.springframework.boot.autoconfigure.orm.jpa.JpaBaseConfiguration$JpaWebConfiguration - spring.jpa.open-in-view is enabled by default. Therefore, database queries may be performed during view rendering. Explicitly configure spring.jpa.open-in-view to disable this warning
2023-02-09T11:08:16,716 INFO  org.apache.coyote.http11.Http11NioProtocol - Starting ProtocolHandler ["http-nio-8080"]
2023-02-09T11:08:16,744 INFO  org.springframework.boot.web.embedded.tomcat.TomcatWebServer - Tomcat started on port(s): 8080 (http) with context path ''
2023-02-09T11:08:16,747 INFO  org.springframework.amqp.rabbit.connection.CachingConnectionFactory - Attempting to connect to: [woodpecker.rmq.cloudamqp.com:5671]
2023-02-09T11:08:17,567 INFO  org.springframework.amqp.rabbit.connection.CachingConnectionFactory - Created new connection: rabbitConnectionFactory#123426a9:0/SimpleConnection@45a4587d [delegate=amqp://lvvxcukk@34.197.186.156:5671/lvvxcukk, localPort= 54578]
2023-02-09T11:08:18,292 INFO  com.ms.email.MsEmailApplication - Started MsEmailApplication in 6.719 seconds (JVM running for 7.695)
2023-02-09T11:09:13,758 INFO  org.apache.catalina.core.ContainerBase.[Tomcat].[localhost].[/] - Initializing Spring DispatcherServlet 'dispatcherServlet'
2023-02-09T11:09:13,759 INFO  org.springframework.web.servlet.DispatcherServlet - Initializing Servlet 'dispatcherServlet'
2023-02-09T11:09:13,760 INFO  org.springframework.web.servlet.DispatcherServlet - Completed initialization in 1 ms
2023-02-09T11:09:13,804 TRACE com.ms.email.controllers.EmailController - TRACE
2023-02-09T11:09:13,804 DEBUG com.ms.email.controllers.EmailController - DEBUG
2023-02-09T11:09:13,804 INFO  com.ms.email.controllers.EmailController - INFO
2023-02-09T11:09:13,804 WARN  com.ms.email.controllers.EmailController - WARN
2023-02-09T11:09:13,804 ERROR com.ms.email.controllers.EmailController - ERROR
2023-02-09T11:09:13,805 FATAL com.ms.email.controllers.EmailController - FATAL
2023-02-09T11:09:54,287 TRACE com.ms.email.controllers.EmailController - TRACE
2023-02-09T11:09:54,287 DEBUG com.ms.email.controllers.EmailController - DEBUG
2023-02-09T11:09:54,287 INFO  com.ms.email.controllers.EmailController - INFO
2023-02-09T11:09:54,287 WARN  com.ms.email.controllers.EmailController - WARN
2023-02-09T11:09:54,288 ERROR com.ms.email.controllers.EmailController - ERROR
2023-02-09T11:09:54,288 FATAL com.ms.email.controllers.EmailController - FATAL
